# JRE version: OpenJDK Runtime Environment (14.0.2+12) (build 14.0.2+12-Ubuntu-120.04)
# Java VM: OpenJDK 64-Bit Server VM (14.0.2+12-Ubuntu-120.04, mixed mode, sharing, tiered, compressed oops, g1 gc, linux-amd64)
Heap:
 garbage-first heap   total 81920K, used 25982K [0x00000000f8000000, 0x0000000100000000)
  region size 1024K, 7 young (7168K), 1 survivors (1024K)
 Metaspace       used 28291K, capacity 29232K, committed 29568K, reserved 1075200K
  class space    used 3370K, capacity 3821K, committed 3968K, reserved 1048576K
GC Heap History (20 events):
Event: 4652.777 GC heap before
{Heap before GC invocations=709 (full 0):
 garbage-first heap   total 131072K, used 120266K [0x00000000f8000000, 0x0000000100000000)
  region size 1024K, 2 young (2048K), 1 survivors (1024K)
 Metaspace       used 28099K, capacity 29009K, committed 29184K, reserved 1075200K
  class space    used 3351K, capacity 3746K, committed 3840K, reserved 1048576K
}
Event: 4652.778 GC heap after
{Heap after GC invocations=710 (full 0):
 garbage-first heap   total 131072K, used 20957K [0x00000000f8000000, 0x0000000100000000)
  region size 1024K, 1 young (1024K), 1 survivors (1024K)
 Metaspace       used 28099K, capacity 29009K, committed 29184K, reserved 1075200K
  class space    used 3351K, capacity 3746K, committed 3840K, reserved 1048576K
}
Event: 4655.018 GC heap before
{Heap before GC invocations=711 (full 0):
 garbage-first heap   total 102400K, used 29149K [0x00000000f8000000, 0x0000000100000000)
  region size 1024K, 8 young (8192K), 1 survivors (1024K)
 Metaspace       used 28099K, capacity 29009K, committed 29184K, reserved 1075200K
  class space    used 3351K, capacity 3746K, committed 3840K, reserved 1048576K
}
Event: 4655.020 GC heap after
{Heap after GC invocations=712 (full 0):
 garbage-first heap   total 102400K, used 20926K [0x00000000f8000000, 0x0000000100000000)
  region size 1024K, 1 young (1024K), 1 survivors (1024K)
 Metaspace       used 28099K, capacity 29009K, committed 29184K, reserved 1075200K
  class space    used 3351K, capacity 3746K, committed 3840K, reserved 1048576K
}
Event: 4664.750 GC heap before
{Heap before GC invocations=713 (full 0):
 garbage-first heap   total 102400K, used 52670K [0x00000000f8000000, 0x0000000100000000)
  region size 1024K, 31 young (31744K), 1 survivors (1024K)
 Metaspace       used 28099K, capacity 29009K, committed 29184K, reserved 1075200K
  class space    used 3351K, capacity 3746K, committed 3840K, reserved 1048576K
}
Event: 4664.751 GC heap after
{Heap after GC invocations=714 (full 0):
 garbage-first heap   total 102400K, used 20930K [0x00000000f8000000, 0x0000000100000000)
  region size 1024K, 1 young (1024K), 1 survivors (1024K)
 Metaspace       used 28099K, capacity 29009K, committed 29184K, reserved 1075200K
  class space    used 3351K, capacity 3746K, committed 3840K, reserved 1048576K
}
Event: 4664.766 GC heap before
{Heap before GC invocations=715 (full 0):
 garbage-first heap   total 131072K, used 111042K [0x00000000f8000000, 0x0000000100000000)
  region size 1024K, 2 young (2048K), 1 survivors (1024K)
 Metaspace       used 28099K, capacity 29009K, committed 29184K, reserved 1075200K
  class space    used 3351K, capacity 3746K, committed 3840K, reserved 1048576K
}
Event: 4664.767 GC heap after
{Heap after GC invocations=716 (full 0):
 garbage-first heap   total 131072K, used 20946K [0x00000000f8000000, 0x0000000100000000)
  region size 1024K, 1 young (1024K), 1 survivors (1024K)
 Metaspace       used 28099K, capacity 29009K, committed 29184K, reserved 1075200K
  class space    used 3351K, capacity 3746K, committed 3840K, reserved 1048576K
}
Event: 4667.019 GC heap before
{Heap before GC invocations=717 (full 0):
 garbage-first heap   total 131072K, used 121298K [0x00000000f8000000, 0x0000000100000000)
  region size 1024K, 8 young (8192K), 1 survivors (1024K)
 Metaspace       used 28099K, capacity 29009K, committed 29184K, reserved 1075200K
  class space    used 3351K, capacity 3746K, committed 3840K, reserved 1048576K
}
Event: 4667.020 GC heap after
{Heap after GC invocations=718 (full 0):
 garbage-first heap   total 131072K, used 20934K [0x00000000f8000000, 0x0000000100000000)
  region size 1024K, 1 young (1024K), 1 survivors (1024K)
 Metaspace       used 28099K, capacity 29009K, committed 29184K, reserved 1075200K
  class space    used 3351K, capacity 3746K, committed 3840K, reserved 1048576K
}
Event: 4691.052 GC heap before
{Heap before GC invocations=719 (full 0):
 garbage-first heap   total 102400K, used 95686K [0x00000000f8000000, 0x0000000100000000)
  region size 1024K, 72 young (73728K), 1 survivors (1024K)
 Metaspace       used 28099K, capacity 29009K, committed 29184K, reserved 1075200K
  class space    used 3351K, capacity 3746K, committed 3840K, reserved 1048576K
}
Event: 4691.053 GC heap after
{Heap after GC invocations=720 (full 0):
 garbage-first heap   total 104448K, used 20947K [0x00000000f8000000, 0x0000000100000000)
  region size 1024K, 1 young (1024K), 1 survivors (1024K)
 Metaspace       used 28099K, capacity 29009K, committed 29184K, reserved 1075200K
  class space    used 3351K, capacity 3746K, committed 3840K, reserved 1048576K
}
Event: 4711.224 GC heap before
{Heap before GC invocations=720 (full 0):
 garbage-first heap   total 104448K, used 82387K [0x00000000f8000000, 0x0000000100000000)
  region size 1024K, 61 young (62464K), 1 survivors (1024K)
 Metaspace       used 28099K, capacity 29009K, committed 29184K, reserved 1075200K
  class space    used 3351K, capacity 3746K, committed 3840K, reserved 1048576K
}
Event: 4711.225 GC heap after
{Heap after GC invocations=721 (full 0):
 garbage-first heap   total 104448K, used 20953K [0x00000000f8000000, 0x0000000100000000)
  region size 1024K, 1 young (1024K), 1 survivors (1024K)
 Metaspace       used 28099K, capacity 29009K, committed 29184K, reserved 1075200K
  class space    used 3351K, capacity 3746K, committed 3840K, reserved 1048576K
}
Event: 4731.399 GC heap before
{Heap before GC invocations=722 (full 0):
 garbage-first heap   total 99328K, used 82393K [0x00000000f8000000, 0x0000000100000000)
  region size 1024K, 61 young (62464K), 1 survivors (1024K)
 Metaspace       used 28099K, capacity 29009K, committed 29184K, reserved 1075200K
  class space    used 3351K, capacity 3746K, committed 3840K, reserved 1048576K
}
Event: 4731.400 GC heap after
{Heap after GC invocations=723 (full 0):
 garbage-first heap   total 99328K, used 20954K [0x00000000f8000000, 0x0000000100000000)
  region size 1024K, 1 young (1024K), 1 survivors (1024K)
 Metaspace       used 28099K, capacity 29009K, committed 29184K, reserved 1075200K
  class space    used 3351K, capacity 3746K, committed 3840K, reserved 1048576K
}
Event: 4732.396 GC heap before
{Heap before GC invocations=723 (full 0):
 garbage-first heap   total 99328K, used 24026K [0x00000000f8000000, 0x0000000100000000)
  region size 1024K, 4 young (4096K), 1 survivors (1024K)
 Metaspace       used 28099K, capacity 29009K, committed 29184K, reserved 1075200K
  class space    used 3351K, capacity 3746K, committed 3840K, reserved 1048576K
}
Event: 4732.397 GC heap after
{Heap after GC invocations=724 (full 0):
 garbage-first heap   total 99328K, used 20862K [0x00000000f8000000, 0x0000000100000000)
  region size 1024K, 1 young (1024K), 1 survivors (1024K)
 Metaspace       used 28099K, capacity 29009K, committed 29184K, reserved 1075200K
  class space    used 3351K, capacity 3746K, committed 3840K, reserved 1048576K
}
Event: 4754.171 GC heap before
{Heap before GC invocations=724 (full 0):
 garbage-first heap   total 99328K, used 79230K [0x00000000f8000000, 0x0000000100000000)
  region size 1024K, 58 young (59392K), 1 survivors (1024K)
 Metaspace       used 28099K, capacity 29009K, committed 29184K, reserved 1075200K
  class space    used 3351K, capacity 3746K, committed 3840K, reserved 1048576K
}
Event: 4754.172 GC heap after
{Heap after GC invocations=725 (full 0):
 garbage-first heap   total 99328K, used 20862K [0x00000000f8000000, 0x0000000100000000)
  region size 1024K, 1 young (1024K), 1 survivors (1024K)
 Metaspace       used 28099K, capacity 29009K, committed 29184K, reserved 1075200K
  class space    used 3351K, capacity 3746K, committed 3840K, reserved 1048576K
}

