# JRE version: OpenJDK Runtime Environment (14.0.1+7) (build 14.0.1+7-Ubuntu-1ubuntu1)
# Java VM: OpenJDK 64-Bit Server VM (14.0.1+7-Ubuntu-1ubuntu1, mixed mode, sharing, tiered, compressed oops, g1 gc, linux-amd64)
Heap:
 garbage-first heap   total 67584K, used 25153K [0x00000000f8000000, 0x0000000100000000)
  region size 1024K, 4 young (4096K), 1 survivors (1024K)
 Metaspace       used 30263K, capacity 31163K, committed 31488K, reserved 1077248K
  class space    used 3577K, capacity 3974K, committed 4096K, reserved 1048576K
GC Heap History (20 events):
Event: 12342.749 GC heap before
{Heap before GC invocations=1162 (full 0):
 garbage-first heap   total 67584K, used 56899K [0x00000000f8000000, 0x0000000100000000)
  region size 1024K, 34 young (34816K), 1 survivors (1024K)
 Metaspace       used 30246K, capacity 31163K, committed 31488K, reserved 1077248K
  class space    used 3576K, capacity 3974K, committed 4096K, reserved 1048576K
}
Event: 12342.750 GC heap after
{Heap after GC invocations=1163 (full 0):
 garbage-first heap   total 67584K, used 23105K [0x00000000f8000000, 0x0000000100000000)
  region size 1024K, 1 young (1024K), 1 survivors (1024K)
 Metaspace       used 30246K, capacity 31163K, committed 31488K, reserved 1077248K
  class space    used 3576K, capacity 3974K, committed 4096K, reserved 1048576K
}
Event: 12353.807 GC heap before
{Heap before GC invocations=1163 (full 0):
 garbage-first heap   total 67584K, used 56897K [0x00000000f8000000, 0x0000000100000000)
  region size 1024K, 34 young (34816K), 1 survivors (1024K)
 Metaspace       used 30246K, capacity 31163K, committed 31488K, reserved 1077248K
  class space    used 3576K, capacity 3974K, committed 4096K, reserved 1048576K
}
Event: 12353.808 GC heap after
{Heap after GC invocations=1164 (full 0):
 garbage-first heap   total 67584K, used 23114K [0x00000000f8000000, 0x0000000100000000)
  region size 1024K, 1 young (1024K), 1 survivors (1024K)
 Metaspace       used 30246K, capacity 31163K, committed 31488K, reserved 1077248K
  class space    used 3576K, capacity 3974K, committed 4096K, reserved 1048576K
}
Event: 12364.965 GC heap before
{Heap before GC invocations=1164 (full 0):
 garbage-first heap   total 67584K, used 56906K [0x00000000f8000000, 0x0000000100000000)
  region size 1024K, 34 young (34816K), 1 survivors (1024K)
 Metaspace       used 30246K, capacity 31163K, committed 31488K, reserved 1077248K
  class space    used 3576K, capacity 3974K, committed 4096K, reserved 1048576K
}
Event: 12364.966 GC heap after
{Heap after GC invocations=1165 (full 0):
 garbage-first heap   total 67584K, used 23115K [0x00000000f8000000, 0x0000000100000000)
  region size 1024K, 1 young (1024K), 1 survivors (1024K)
 Metaspace       used 30246K, capacity 31163K, committed 31488K, reserved 1077248K
  class space    used 3576K, capacity 3974K, committed 4096K, reserved 1048576K
}
Event: 12376.052 GC heap before
{Heap before GC invocations=1165 (full 0):
 garbage-first heap   total 67584K, used 56907K [0x00000000f8000000, 0x0000000100000000)
  region size 1024K, 34 young (34816K), 1 survivors (1024K)
 Metaspace       used 30246K, capacity 31163K, committed 31488K, reserved 1077248K
  class space    used 3576K, capacity 3974K, committed 4096K, reserved 1048576K
}
Event: 12376.053 GC heap after
{Heap after GC invocations=1166 (full 0):
 garbage-first heap   total 67584K, used 23111K [0x00000000f8000000, 0x0000000100000000)
  region size 1024K, 1 young (1024K), 1 survivors (1024K)
 Metaspace       used 30246K, capacity 31163K, committed 31488K, reserved 1077248K
  class space    used 3576K, capacity 3974K, committed 4096K, reserved 1048576K
}
Event: 12387.201 GC heap before
{Heap before GC invocations=1166 (full 0):
 garbage-first heap   total 67584K, used 56903K [0x00000000f8000000, 0x0000000100000000)
  region size 1024K, 34 young (34816K), 1 survivors (1024K)
 Metaspace       used 30246K, capacity 31163K, committed 31488K, reserved 1077248K
  class space    used 3576K, capacity 3974K, committed 4096K, reserved 1048576K
}
Event: 12387.201 GC heap after
{Heap after GC invocations=1167 (full 0):
 garbage-first heap   total 67584K, used 23111K [0x00000000f8000000, 0x0000000100000000)
  region size 1024K, 1 young (1024K), 1 survivors (1024K)
 Metaspace       used 30246K, capacity 31163K, committed 31488K, reserved 1077248K
  class space    used 3576K, capacity 3974K, committed 4096K, reserved 1048576K
}
Event: 12398.327 GC heap before
{Heap before GC invocations=1167 (full 0):
 garbage-first heap   total 67584K, used 56903K [0x00000000f8000000, 0x0000000100000000)
  region size 1024K, 34 young (34816K), 1 survivors (1024K)
 Metaspace       used 30246K, capacity 31163K, committed 31488K, reserved 1077248K
  class space    used 3576K, capacity 3974K, committed 4096K, reserved 1048576K
}
Event: 12398.327 GC heap after
{Heap after GC invocations=1168 (full 0):
 garbage-first heap   total 67584K, used 23113K [0x00000000f8000000, 0x0000000100000000)
  region size 1024K, 1 young (1024K), 1 survivors (1024K)
 Metaspace       used 30246K, capacity 31163K, committed 31488K, reserved 1077248K
  class space    used 3576K, capacity 3974K, committed 4096K, reserved 1048576K
}
Event: 12409.343 GC heap before
{Heap before GC invocations=1168 (full 0):
 garbage-first heap   total 67584K, used 56905K [0x00000000f8000000, 0x0000000100000000)
  region size 1024K, 34 young (34816K), 1 survivors (1024K)
 Metaspace       used 30246K, capacity 31163K, committed 31488K, reserved 1077248K
  class space    used 3576K, capacity 3974K, committed 4096K, reserved 1048576K
}
Event: 12409.344 GC heap after
{Heap after GC invocations=1169 (full 0):
 garbage-first heap   total 67584K, used 23105K [0x00000000f8000000, 0x0000000100000000)
  region size 1024K, 1 young (1024K), 1 survivors (1024K)
 Metaspace       used 30246K, capacity 31163K, committed 31488K, reserved 1077248K
  class space    used 3576K, capacity 3974K, committed 4096K, reserved 1048576K
}
Event: 12420.464 GC heap before
{Heap before GC invocations=1169 (full 0):
 garbage-first heap   total 67584K, used 56897K [0x00000000f8000000, 0x0000000100000000)
  region size 1024K, 34 young (34816K), 1 survivors (1024K)
 Metaspace       used 30246K, capacity 31163K, committed 31488K, reserved 1077248K
  class space    used 3576K, capacity 3974K, committed 4096K, reserved 1048576K
}
Event: 12420.465 GC heap after
{Heap after GC invocations=1170 (full 0):
 garbage-first heap   total 67584K, used 23114K [0x00000000f8000000, 0x0000000100000000)
  region size 1024K, 1 young (1024K), 1 survivors (1024K)
 Metaspace       used 30246K, capacity 31163K, committed 31488K, reserved 1077248K
  class space    used 3576K, capacity 3974K, committed 4096K, reserved 1048576K
}
Event: 12431.483 GC heap before
{Heap before GC invocations=1170 (full 0):
 garbage-first heap   total 67584K, used 56906K [0x00000000f8000000, 0x0000000100000000)
  region size 1024K, 34 young (34816K), 1 survivors (1024K)
 Metaspace       used 30246K, capacity 31163K, committed 31488K, reserved 1077248K
  class space    used 3576K, capacity 3974K, committed 4096K, reserved 1048576K
}
Event: 12431.483 GC heap after
{Heap after GC invocations=1171 (full 0):
 garbage-first heap   total 67584K, used 23111K [0x00000000f8000000, 0x0000000100000000)
  region size 1024K, 1 young (1024K), 1 survivors (1024K)
 Metaspace       used 30246K, capacity 31163K, committed 31488K, reserved 1077248K
  class space    used 3576K, capacity 3974K, committed 4096K, reserved 1048576K
}
Event: 12442.624 GC heap before
{Heap before GC invocations=1171 (full 0):
 garbage-first heap   total 67584K, used 56903K [0x00000000f8000000, 0x0000000100000000)
  region size 1024K, 34 young (34816K), 1 survivors (1024K)
 Metaspace       used 30246K, capacity 31163K, committed 31488K, reserved 1077248K
  class space    used 3576K, capacity 3974K, committed 4096K, reserved 1048576K
}
Event: 12442.626 GC heap after
{Heap after GC invocations=1172 (full 0):
 garbage-first heap   total 67584K, used 23105K [0x00000000f8000000, 0x0000000100000000)
  region size 1024K, 1 young (1024K), 1 survivors (1024K)
 Metaspace       used 30246K, capacity 31163K, committed 31488K, reserved 1077248K
  class space    used 3576K, capacity 3974K, committed 4096K, reserved 1048576K
}

